# JRE version: OpenJDK Runtime Environment (8.0_242-b01) (build 1.8.0_242-release-1644-b01)
# Java VM: OpenJDK 64-Bit Server VM (25.242-b01 mixed mode windows-amd64 compressed oops)
Heap:
 PSYoungGen      total 521728K, used 229894K [0x00000000d5580000, 0x00000000fd980000, 0x0000000100000000)
  eden space 495104K, 41% used [0x00000000d5580000,0x00000000e1c02b38,0x00000000f3900000)
  from space 26624K, 99% used [0x00000000f5c80000,0x00000000f767f000,0x00000000f7680000)
  to   space 36352K, 0% used [0x00000000f3900000,0x00000000f3900000,0x00000000f5c80000)
 ParOldGen       total 118784K, used 49989K [0x0000000080000000, 0x0000000087400000, 0x00000000d5580000)
  object space 118784K, 42% used [0x0000000080000000,0x00000000830d1608,0x0000000087400000)
 Metaspace       used 76383K, capacity 80262K, committed 80560K, reserved 1118208K
  class space    used 10312K, capacity 11065K, committed 11184K, reserved 1048576K
GC Heap History (10 events):
Event: 12.815 GC heap before
{Heap before GC invocations=9 (full 2):
 PSYoungGen      total 276992K, used 8707K [0x00000000d5580000, 0x00000000f3780000, 0x0000000100000000)
  eden space 261120K, 0% used [0x00000000d5580000,0x00000000d5580000,0x00000000e5480000)
  from space 15872K, 54% used [0x00000000e5480000,0x00000000e5d00ea8,0x00000000e6400000)
  to   space 15360K, 0% used [0x00000000f2880000,0x00000000f2880000,0x00000000f3780000)
 ParOldGen       total 52736K, used 7692K [0x0000000080000000, 0x0000000083380000, 0x00000000d5580000)
  object space 52736K, 14% used [0x0000000080000000,0x0000000080783228,0x0000000083380000)
 Metaspace       used 34607K, capacity 35412K, committed 35496K, reserved 1079296K
  class space    used 4752K, capacity 4973K, committed 5040K, reserved 1048576K
Event: 12.994 GC heap after
Heap after GC invocations=9 (full 2):
 PSYoungGen      total 276992K, used 0K [0x00000000d5580000, 0x00000000f3780000, 0x0000000100000000)
  eden space 261120K, 0% used [0x00000000d5580000,0x00000000d5580000,0x00000000e5480000)
  from space 15872K, 0% used [0x00000000e5480000,0x00000000e5480000,0x00000000e6400000)
  to   space 15360K, 0% used [0x00000000f2880000,0x00000000f2880000,0x00000000f3780000)
 ParOldGen       total 76800K, used 15442K [0x0000000080000000, 0x0000000084b00000, 0x00000000d5580000)
  object space 76800K, 20% used [0x0000000080000000,0x0000000080f14b58,0x0000000084b00000)
 Metaspace       used 34607K, capacity 35412K, committed 35496K, reserved 1079296K
  class space    used 4752K, capacity 4973K, committed 5040K, reserved 1048576K
}
Event: 21.307 GC heap before
{Heap before GC invocations=10 (full 2):
 PSYoungGen      total 276992K, used 261120K [0x00000000d5580000, 0x00000000f3780000, 0x0000000100000000)
  eden space 261120K, 100% used [0x00000000d5580000,0x00000000e5480000,0x00000000e5480000)
  from space 15872K, 0% used [0x00000000e5480000,0x00000000e5480000,0x00000000e6400000)
  to   space 15360K, 0% used [0x00000000f2880000,0x00000000f2880000,0x00000000f3780000)
 ParOldGen       total 76800K, used 15442K [0x0000000080000000, 0x0000000084b00000, 0x00000000d5580000)
  object space 76800K, 20% used [0x0000000080000000,0x0000000080f14b58,0x0000000084b00000)
 Metaspace       used 53974K, capacity 55990K, committed 56240K, reserved 1097728K
  class space    used 7344K, capacity 7832K, committed 7856K, reserved 1048576K
Event: 21.352 GC heap after
Heap after GC invocations=10 (full 2):
 PSYoungGen      total 407040K, used 15348K [0x00000000d5580000, 0x00000000f3780000, 0x0000000100000000)
  eden space 391680K, 0% used [0x00000000d5580000,0x00000000d5580000,0x00000000ed400000)
  from space 15360K, 99% used [0x00000000f2880000,0x00000000f377d300,0x00000000f3780000)
  to   space 24576K, 0% used [0x00000000f0780000,0x00000000f0780000,0x00000000f1f80000)
 ParOldGen       total 76800K, used 31398K [0x0000000080000000, 0x0000000084b00000, 0x00000000d5580000)
  object space 76800K, 40% used [0x0000000080000000,0x0000000081ea9b30,0x0000000084b00000)
 Metaspace       used 53974K, capacity 55990K, committed 56240K, reserved 1097728K
  class space    used 7344K, capacity 7832K, committed 7856K, reserved 1048576K
}
Event: 22.792 GC heap before
{Heap before GC invocations=11 (full 2):
 PSYoungGen      total 407040K, used 63616K [0x00000000d5580000, 0x00000000f3780000, 0x0000000100000000)
  eden space 391680K, 12% used [0x00000000d5580000,0x00000000d84a30d8,0x00000000ed400000)
  from space 15360K, 99% used [0x00000000f2880000,0x00000000f377d300,0x00000000f3780000)
  to   space 24576K, 0% used [0x00000000f0780000,0x00000000f0780000,0x00000000f1f80000)
 ParOldGen       total 76800K, used 31398K [0x0000000080000000, 0x0000000084b00000, 0x00000000d5580000)
  object space 76800K, 40% used [0x0000000080000000,0x0000000081ea9b30,0x0000000084b00000)
 Metaspace       used 57045K, capacity 59076K, committed 59160K, reserved 1099776K
  class space    used 7838K, capacity 8316K, committed 8368K, reserved 1048576K
Event: 22.819 GC heap after
Heap after GC invocations=11 (full 2):
 PSYoungGen      total 468992K, used 19283K [0x00000000d5580000, 0x00000000f7680000, 0x0000000100000000)
  eden space 444416K, 0% used [0x00000000d5580000,0x00000000d5580000,0x00000000f0780000)
  from space 24576K, 78% used [0x00000000f0780000,0x00000000f1a54f78,0x00000000f1f80000)
  to   space 26624K, 0% used [0x00000000f5c80000,0x00000000f5c80000,0x00000000f7680000)
 ParOldGen       total 76800K, used 31406K [0x0000000080000000, 0x0000000084b00000, 0x00000000d5580000)
  object space 76800K, 40% used [0x0000000080000000,0x0000000081eabb30,0x0000000084b00000)
 Metaspace       used 57045K, capacity 59076K, committed 59160K, reserved 1099776K
  class space    used 7838K, capacity 8316K, committed 8368K, reserved 1048576K
}
Event: 22.819 GC heap before
{Heap before GC invocations=12 (full 3):
 PSYoungGen      total 468992K, used 19283K [0x00000000d5580000, 0x00000000f7680000, 0x0000000100000000)
  eden space 444416K, 0% used [0x00000000d5580000,0x00000000d5580000,0x00000000f0780000)
  from space 24576K, 78% used [0x00000000f0780000,0x00000000f1a54f78,0x00000000f1f80000)
  to   space 26624K, 0% used [0x00000000f5c80000,0x00000000f5c80000,0x00000000f7680000)
 ParOldGen       total 76800K, used 31406K [0x0000000080000000, 0x0000000084b00000, 0x00000000d5580000)
  object space 76800K, 40% used [0x0000000080000000,0x0000000081eabb30,0x0000000084b00000)
 Metaspace       used 57045K, capacity 59076K, committed 59160K, reserved 1099776K
  class space    used 7838K, capacity 8316K, committed 8368K, reserved 1048576K
Event: 23.152 GC heap after
Heap after GC invocations=12 (full 3):
 PSYoungGen      total 468992K, used 0K [0x00000000d5580000, 0x00000000f7680000, 0x0000000100000000)
  eden space 444416K, 0% used [0x00000000d5580000,0x00000000d5580000,0x00000000f0780000)
  from space 24576K, 0% used [0x00000000f0780000,0x00000000f0780000,0x00000000f1f80000)
  to   space 26624K, 0% used [0x00000000f5c80000,0x00000000f5c80000,0x00000000f7680000)
 ParOldGen       total 118784K, used 34430K [0x0000000080000000, 0x0000000087400000, 0x00000000d5580000)
  object space 118784K, 28% used [0x0000000080000000,0x000000008219f8e0,0x0000000087400000)
 Metaspace       used 57010K, capacity 58956K, committed 59160K, reserved 1099776K
  class space    used 7827K, capacity 8296K, committed 8368K, reserved 1048576K
}
Event: 39.761 GC heap before
{Heap before GC invocations=13 (full 3):
 PSYoungGen      total 468992K, used 444416K [0x00000000d5580000, 0x00000000f7680000, 0x0000000100000000)
  eden space 444416K, 100% used [0x00000000d5580000,0x00000000f0780000,0x00000000f0780000)
  from space 24576K, 0% used [0x00000000f0780000,0x00000000f0780000,0x00000000f1f80000)
  to   space 26624K, 0% used [0x00000000f5c80000,0x00000000f5c80000,0x00000000f7680000)
 ParOldGen       total 118784K, used 34430K [0x0000000080000000, 0x0000000087400000, 0x00000000d5580000)
  object space 118784K, 28% used [0x0000000080000000,0x000000008219f8e0,0x0000000087400000)
 Metaspace       used 68230K, capacity 71692K, committed 71856K, reserved 1112064K
  class space    used 9472K, capacity 10156K, committed 10160K, reserved 1048576K
Event: 40.775 GC heap after
Heap after GC invocations=13 (full 3):
 PSYoungGen      total 521728K, used 26620K [0x00000000d5580000, 0x00000000fd980000, 0x0000000100000000)
  eden space 495104K, 0% used [0x00000000d5580000,0x00000000d5580000,0x00000000f3900000)
  from space 26624K, 99% used [0x00000000f5c80000,0x00000000f767f000,0x00000000f7680000)
  to   space 36352K, 0% used [0x00000000f3900000,0x00000000f3900000,0x00000000f5c80000)
 ParOldGen       total 118784K, used 49989K [0x0000000080000000, 0x0000000087400000, 0x00000000d5580000)
  object space 118784K, 42% used [0x0000000080000000,0x00000000830d1608,0x0000000087400000)
 Metaspace       used 68230K, capacity 71692K, committed 71856K, reserved 1112064K
  class space    used 9472K, capacity 10156K, committed 10160K, reserved 1048576K
}

