Heap:
 PSYoungGen      total 459776K, used 208819K [0x00000000d5580000, 0x00000000fc200000, 0x0000000100000000)
  eden space 347648K, 41% used [0x00000000d5580000,0x00000000de1cb770,0x00000000ea900000)
  from space 112128K, 58% used [0x00000000ea900000,0x00000000ee8a1760,0x00000000f1680000)
  to   space 112640K, 0% used [0x00000000f5400000,0x00000000f5400000,0x00000000fc200000)
 ParOldGen       total 371712K, used 199122K [0x0000000080000000, 0x0000000096b00000, 0x00000000d5580000)
  object space 371712K, 53% used [0x0000000080000000,0x000000008c274968,0x0000000096b00000)
 Metaspace       used 107021K, capacity 112622K, committed 114224K, reserved 1150976K
  class space    used 13591K, capacity 14616K, committed 14896K, reserved 1048576K
GC Heap History (10 events):
Event: 4854.736 GC heap before
{Heap before GC invocations=44 (full 4):
 PSYoungGen      total 340992K, used 304073K [0x00000000d5580000, 0x00000000efe80000, 0x0000000100000000)
  eden space 267776K, 99% used [0x00000000d5580000,0x00000000e5ab7028,0x00000000e5b00000)
  from space 73216K, 49% used [0x00000000e5b00000,0x00000000e7ebb758,0x00000000ea280000)
  to   space 70144K, 0% used [0x00000000eba00000,0x00000000eba00000,0x00000000efe80000)
 ParOldGen       total 219648K, used 84272K [0x0000000080000000, 0x000000008d680000, 0x00000000d5580000)
  object space 219648K, 38% used [0x0000000080000000,0x000000008524c150,0x000000008d680000)
 Metaspace       used 107304K, capacity 113504K, committed 113712K, reserved 1148928K
  class space    used 13727K, capacity 14892K, committed 14896K, reserved 1048576K
Event: 4855.361 GC heap after
Heap after GC invocations=44 (full 4):
 PSYoungGen      total 364032K, used 39737K [0x00000000d5580000, 0x00000000efc80000, 0x0000000100000000)
  eden space 295936K, 0% used [0x00000000d5580000,0x00000000d5580000,0x00000000e7680000)
  from space 68096K, 58% used [0x00000000eba00000,0x00000000ee0ce6f0,0x00000000efc80000)
  to   space 68608K, 0% used [0x00000000e7680000,0x00000000e7680000,0x00000000eb980000)
 ParOldGen       total 219648K, used 84280K [0x0000000080000000, 0x000000008d680000, 0x00000000d5580000)
  object space 219648K, 38% used [0x0000000080000000,0x000000008524e150,0x000000008d680000)
 Metaspace       used 107304K, capacity 113504K, committed 113712K, reserved 1148928K
  class space    used 13727K, capacity 14892K, committed 14896K, reserved 1048576K
}
Event: 4861.301 GC heap before
{Heap before GC invocations=45 (full 4):
 PSYoungGen      total 364032K, used 335673K [0x00000000d5580000, 0x00000000efc80000, 0x0000000100000000)
  eden space 295936K, 100% used [0x00000000d5580000,0x00000000e7680000,0x00000000e7680000)
  from space 68096K, 58% used [0x00000000eba00000,0x00000000ee0ce6f0,0x00000000efc80000)
  to   space 68608K, 0% used [0x00000000e7680000,0x00000000e7680000,0x00000000eb980000)
 ParOldGen       total 219648K, used 84280K [0x0000000080000000, 0x000000008d680000, 0x00000000d5580000)
  object space 219648K, 38% used [0x0000000080000000,0x000000008524e150,0x000000008d680000)
 Metaspace       used 107483K, capacity 113654K, committed 113712K, reserved 1148928K
  class space    used 13734K, capacity 14895K, committed 14896K, reserved 1048576K
Event: 4862.647 GC heap after
Heap after GC invocations=45 (full 4):
 PSYoungGen      total 364544K, used 68597K [0x00000000d5580000, 0x00000000f8900000, 0x0000000100000000)
  eden space 295936K, 0% used [0x00000000d5580000,0x00000000d5580000,0x00000000e7680000)
  from space 68608K, 99% used [0x00000000e7680000,0x00000000eb97d590,0x00000000eb980000)
  to   space 114688K, 0% used [0x00000000f1900000,0x00000000f1900000,0x00000000f8900000)
 ParOldGen       total 219648K, used 183445K [0x0000000080000000, 0x000000008d680000, 0x00000000d5580000)
  object space 219648K, 83% used [0x0000000080000000,0x000000008b325568,0x000000008d680000)
 Metaspace       used 107483K, capacity 113654K, committed 113712K, reserved 1148928K
  class space    used 13734K, capacity 14895K, committed 14896K, reserved 1048576K
}
Event: 4862.706 GC heap before
{Heap before GC invocations=46 (full 5):
 PSYoungGen      total 364544K, used 68597K [0x00000000d5580000, 0x00000000f8900000, 0x0000000100000000)
  eden space 295936K, 0% used [0x00000000d5580000,0x00000000d5580000,0x00000000e7680000)
  from space 68608K, 99% used [0x00000000e7680000,0x00000000eb97d590,0x00000000eb980000)
  to   space 114688K, 0% used [0x00000000f1900000,0x00000000f1900000,0x00000000f8900000)
 ParOldGen       total 219648K, used 183445K [0x0000000080000000, 0x000000008d680000, 0x00000000d5580000)
  object space 219648K, 83% used [0x0000000080000000,0x000000008b325568,0x000000008d680000)
 Metaspace       used 107483K, capacity 113654K, committed 113712K, reserved 1148928K
  class space    used 13734K, capacity 14895K, committed 14896K, reserved 1048576K
Event: 4873.719 GC heap after
Heap after GC invocations=46 (full 5):
 PSYoungGen      total 364544K, used 0K [0x00000000d5580000, 0x00000000f8900000, 0x0000000100000000)
  eden space 295936K, 0% used [0x00000000d5580000,0x00000000d5580000,0x00000000e7680000)
  from space 68608K, 0% used [0x00000000e7680000,0x00000000e7680000,0x00000000eb980000)
  to   space 114688K, 0% used [0x00000000f1900000,0x00000000f1900000,0x00000000f8900000)
 ParOldGen       total 371712K, used 199106K [0x0000000080000000, 0x0000000096b00000, 0x00000000d5580000)
  object space 371712K, 53% used [0x0000000080000000,0x000000008c270968,0x0000000096b00000)
 Metaspace       used 106530K, capacity 112032K, committed 113712K, reserved 1148928K
  class space    used 13558K, capacity 14567K, committed 14896K, reserved 1048576K
}
Event: 4878.166 GC heap before
{Heap before GC invocations=47 (full 5):
 PSYoungGen      total 364544K, used 295936K [0x00000000d5580000, 0x00000000f8900000, 0x0000000100000000)
  eden space 295936K, 100% used [0x00000000d5580000,0x00000000e7680000,0x00000000e7680000)
  from space 68608K, 0% used [0x00000000e7680000,0x00000000e7680000,0x00000000eb980000)
  to   space 114688K, 0% used [0x00000000f1900000,0x00000000f1900000,0x00000000f8900000)
 ParOldGen       total 371712K, used 199106K [0x0000000080000000, 0x0000000096b00000, 0x00000000d5580000)
  object space 371712K, 53% used [0x0000000080000000,0x000000008c270968,0x0000000096b00000)
 Metaspace       used 106637K, capacity 112132K, committed 113712K, reserved 1148928K
  class space    used 13563K, capacity 14573K, committed 14896K, reserved 1048576K
Event: 4878.356 GC heap after
Heap after GC invocations=47 (full 5):
 PSYoungGen      total 457216K, used 24390K [0x00000000d5580000, 0x00000000f8400000, 0x0000000100000000)
  eden space 347648K, 0% used [0x00000000d5580000,0x00000000d5580000,0x00000000ea900000)
  from space 109568K, 22% used [0x00000000f1900000,0x00000000f30d1a00,0x00000000f8400000)
  to   space 112128K, 0% used [0x00000000ea900000,0x00000000ea900000,0x00000000f1680000)
 ParOldGen       total 371712K, used 199114K [0x0000000080000000, 0x0000000096b00000, 0x00000000d5580000)
  object space 371712K, 53% used [0x0000000080000000,0x000000008c272968,0x0000000096b00000)
 Metaspace       used 106637K, capacity 112132K, committed 113712K, reserved 1148928K
  class space    used 13563K, capacity 14573K, committed 14896K, reserved 1048576K
}
Event: 4881.049 GC heap before
{Heap before GC invocations=48 (full 5):
 PSYoungGen      total 457216K, used 372038K [0x00000000d5580000, 0x00000000f8400000, 0x0000000100000000)
  eden space 347648K, 100% used [0x00000000d5580000,0x00000000ea900000,0x00000000ea900000)
  from space 109568K, 22% used [0x00000000f1900000,0x00000000f30d1a00,0x00000000f8400000)
  to   space 112128K, 0% used [0x00000000ea900000,0x00000000ea900000,0x00000000f1680000)
 ParOldGen       total 371712K, used 199114K [0x0000000080000000, 0x0000000096b00000, 0x00000000d5580000)
  object space 371712K, 53% used [0x0000000080000000,0x000000008c272968,0x0000000096b00000)
 Metaspace       used 106730K, capacity 112260K, committed 113968K, reserved 1148928K
  class space    used 13563K, capacity 14573K, committed 14896K, reserved 1048576K
Event: 4881.245 GC heap after
Heap after GC invocations=48 (full 5):
 PSYoungGen      total 459776K, used 65157K [0x00000000d5580000, 0x00000000fc200000, 0x0000000100000000)
  eden space 347648K, 0% used [0x00000000d5580000,0x00000000d5580000,0x00000000ea900000)
  from space 112128K, 58% used [0x00000000ea900000,0x00000000ee8a1760,0x00000000f1680000)
  to   space 112640K, 0% used [0x00000000f5400000,0x00000000f5400000,0x00000000fc200000)
 ParOldGen       total 371712K, used 199122K [0x0000000080000000, 0x0000000096b00000, 0x00000000d5580000)
  object space 371712K, 53% used [0x0000000080000000,0x000000008c274968,0x0000000096b00000)
 Metaspace       used 106730K, capacity 112260K, committed 113968K, reserved 1148928K
  class space    used 13563K, capacity 14573K, committed 14896K, reserved 1048576K
}

