# JRE version: OpenJDK Runtime Environment (8.0_242-b01) (build 1.8.0_242-release-1644-b01)
# Java VM: OpenJDK 64-Bit Server VM (25.242-b01 mixed mode windows-amd64 compressed oops)
Heap:
 PSYoungGen      total 347648K, used 47942K [0x00000000d5580000, 0x00000000ecd80000, 0x0000000100000000)
  eden space 317952K, 6% used [0x00000000d5580000,0x00000000d6a75a50,0x00000000e8c00000)
  from space 29696K, 89% used [0x00000000eac80000,0x00000000ec65be48,0x00000000ec980000)
  to   space 33280K, 0% used [0x00000000e8c00000,0x00000000e8c00000,0x00000000eac80000)
 ParOldGen       total 118784K, used 69263K [0x0000000080000000, 0x0000000087400000, 0x00000000d5580000)
  object space 118784K, 58% used [0x0000000080000000,0x00000000843a3df0,0x0000000087400000)
 Metaspace       used 86885K, capacity 91568K, committed 91696K, reserved 1128448K
  class space    used 11693K, capacity 12590K, committed 12592K, reserved 1048576K
GC Heap History (10 events):
Event: 14.564 GC heap before
{Heap before GC invocations=15 (full 3):
 PSYoungGen      total 230912K, used 832K [0x00000000d5580000, 0x00000000e5c00000, 0x0000000100000000)
  eden space 208384K, 0% used [0x00000000d5580000,0x00000000d5580000,0x00000000e2100000)
  from space 22528K, 3% used [0x00000000e3780000,0x00000000e3850010,0x00000000e4d80000)
  to   space 23040K, 0% used [0x00000000e2100000,0x00000000e2100000,0x00000000e3780000)
 ParOldGen       total 81408K, used 42702K [0x0000000080000000, 0x0000000084f80000, 0x00000000d5580000)
  object space 81408K, 52% used [0x0000000080000000,0x00000000829b3bc0,0x0000000084f80000)
 Metaspace       used 57001K, capacity 59088K, committed 59160K, reserved 1099776K
  class space    used 7842K, capacity 8324K, committed 8368K, reserved 1048576K
Event: 14.922 GC heap after
Heap after GC invocations=15 (full 3):
 PSYoungGen      total 230912K, used 0K [0x00000000d5580000, 0x00000000e5c00000, 0x0000000100000000)
  eden space 208384K, 0% used [0x00000000d5580000,0x00000000d5580000,0x00000000e2100000)
  from space 22528K, 0% used [0x00000000e3780000,0x00000000e3780000,0x00000000e4d80000)
  to   space 23040K, 0% used [0x00000000e2100000,0x00000000e2100000,0x00000000e3780000)
 ParOldGen       total 118784K, used 32338K [0x0000000080000000, 0x0000000087400000, 0x00000000d5580000)
  object space 118784K, 27% used [0x0000000080000000,0x0000000081f94ae8,0x0000000087400000)
 Metaspace       used 56966K, capacity 58968K, committed 59160K, reserved 1099776K
  class space    used 7831K, capacity 8304K, committed 8368K, reserved 1048576K
}
Event: 21.779 GC heap before
{Heap before GC invocations=16 (full 3):
 PSYoungGen      total 230912K, used 208384K [0x00000000d5580000, 0x00000000e5c00000, 0x0000000100000000)
  eden space 208384K, 100% used [0x00000000d5580000,0x00000000e2100000,0x00000000e2100000)
  from space 22528K, 0% used [0x00000000e3780000,0x00000000e3780000,0x00000000e4d80000)
  to   space 23040K, 0% used [0x00000000e2100000,0x00000000e2100000,0x00000000e3780000)
 ParOldGen       total 118784K, used 32338K [0x0000000080000000, 0x0000000087400000, 0x00000000d5580000)
  object space 118784K, 27% used [0x0000000080000000,0x0000000081f94ae8,0x0000000087400000)
 Metaspace       used 64875K, capacity 67672K, committed 67888K, reserved 1107968K
  class space    used 8868K, capacity 9418K, committed 9520K, reserved 1048576K
Event: 21.823 GC heap after
Heap after GC invocations=16 (full 3):
 PSYoungGen      total 231424K, used 23021K [0x00000000d5580000, 0x00000000e8c80000, 0x0000000100000000)
  eden space 208384K, 0% used [0x00000000d5580000,0x00000000d5580000,0x00000000e2100000)
  from space 23040K, 99% used [0x00000000e2100000,0x00000000e377b718,0x00000000e3780000)
  to   space 26624K, 0% used [0x00000000e7280000,0x00000000e7280000,0x00000000e8c80000)
 ParOldGen       total 118784K, used 32426K [0x0000000080000000, 0x0000000087400000, 0x00000000d5580000)
  object space 118784K, 27% used [0x0000000080000000,0x0000000081faaa80,0x0000000087400000)
 Metaspace       used 64875K, capacity 67672K, committed 67888K, reserved 1107968K
  class space    used 8868K, capacity 9418K, committed 9520K, reserved 1048576K
}
Event: 26.618 GC heap before
{Heap before GC invocations=17 (full 3):
 PSYoungGen      total 231424K, used 231405K [0x00000000d5580000, 0x00000000e8c80000, 0x0000000100000000)
  eden space 208384K, 100% used [0x00000000d5580000,0x00000000e2100000,0x00000000e2100000)
  from space 23040K, 99% used [0x00000000e2100000,0x00000000e377b718,0x00000000e3780000)
  to   space 26624K, 0% used [0x00000000e7280000,0x00000000e7280000,0x00000000e8c80000)
 ParOldGen       total 118784K, used 32426K [0x0000000080000000, 0x0000000087400000, 0x00000000d5580000)
  object space 118784K, 27% used [0x0000000080000000,0x0000000081faaa80,0x0000000087400000)
 Metaspace       used 67795K, capacity 70770K, committed 71088K, reserved 1110016K
  class space    used 9227K, capacity 9815K, committed 9904K, reserved 1048576K
Event: 26.704 GC heap after
Heap after GC invocations=17 (full 3):
 PSYoungGen      total 284672K, used 10827K [0x00000000d5580000, 0x00000000e8800000, 0x0000000100000000)
  eden space 262656K, 0% used [0x00000000d5580000,0x00000000d5580000,0x00000000e5600000)
  from space 22016K, 49% used [0x00000000e7280000,0x00000000e7d12ee8,0x00000000e8800000)
  to   space 25600K, 0% used [0x00000000e5600000,0x00000000e5600000,0x00000000e6f00000)
 ParOldGen       total 118784K, used 49473K [0x0000000080000000, 0x0000000087400000, 0x00000000d5580000)
  object space 118784K, 41% used [0x0000000080000000,0x00000000830504c8,0x0000000087400000)
 Metaspace       used 67795K, capacity 70770K, committed 71088K, reserved 1110016K
  class space    used 9227K, capacity 9815K, committed 9904K, reserved 1048576K
}
Event: 38.721 GC heap before
{Heap before GC invocations=18 (full 3):
 PSYoungGen      total 284672K, used 273483K [0x00000000d5580000, 0x00000000e8800000, 0x0000000100000000)
  eden space 262656K, 100% used [0x00000000d5580000,0x00000000e5600000,0x00000000e5600000)
  from space 22016K, 49% used [0x00000000e7280000,0x00000000e7d12ee8,0x00000000e8800000)
  to   space 25600K, 0% used [0x00000000e5600000,0x00000000e5600000,0x00000000e6f00000)
 ParOldGen       total 118784K, used 49473K [0x0000000080000000, 0x0000000087400000, 0x00000000d5580000)
  object space 118784K, 41% used [0x0000000080000000,0x00000000830504c8,0x0000000087400000)
 Metaspace       used 74791K, capacity 78016K, committed 78128K, reserved 1116160K
  class space    used 10099K, capacity 10748K, committed 10800K, reserved 1048576K
Event: 38.773 GC heap after
Heap after GC invocations=18 (full 3):
 PSYoungGen      total 288256K, used 25593K [0x00000000d5580000, 0x00000000ec980000, 0x0000000100000000)
  eden space 262656K, 0% used [0x00000000d5580000,0x00000000d5580000,0x00000000e5600000)
  from space 25600K, 99% used [0x00000000e5600000,0x00000000e6efe7d8,0x00000000e6f00000)
  to   space 29696K, 0% used [0x00000000eac80000,0x00000000eac80000,0x00000000ec980000)
 ParOldGen       total 118784K, used 50160K [0x0000000080000000, 0x0000000087400000, 0x00000000d5580000)
  object space 118784K, 42% used [0x0000000080000000,0x00000000830fc338,0x0000000087400000)
 Metaspace       used 74791K, capacity 78016K, committed 78128K, reserved 1116160K
  class space    used 10099K, capacity 10748K, committed 10800K, reserved 1048576K
}
Event: 45.970 GC heap before
{Heap before GC invocations=19 (full 3):
 PSYoungGen      total 288256K, used 288249K [0x00000000d5580000, 0x00000000ec980000, 0x0000000100000000)
  eden space 262656K, 100% used [0x00000000d5580000,0x00000000e5600000,0x00000000e5600000)
  from space 25600K, 99% used [0x00000000e5600000,0x00000000e6efe7d8,0x00000000e6f00000)
  to   space 29696K, 0% used [0x00000000eac80000,0x00000000eac80000,0x00000000ec980000)
 ParOldGen       total 118784K, used 50160K [0x0000000080000000, 0x0000000087400000, 0x00000000d5580000)
  object space 118784K, 42% used [0x0000000080000000,0x00000000830fc338,0x0000000087400000)
 Metaspace       used 86698K, capacity 91384K, committed 91440K, reserved 1128448K
  class space    used 11678K, capacity 12554K, committed 12592K, reserved 1048576K
Event: 46.062 GC heap after
Heap after GC invocations=19 (full 3):
 PSYoungGen      total 347648K, used 26479K [0x00000000d5580000, 0x00000000ecd80000, 0x0000000100000000)
  eden space 317952K, 0% used [0x00000000d5580000,0x00000000d5580000,0x00000000e8c00000)
  from space 29696K, 89% used [0x00000000eac80000,0x00000000ec65be48,0x00000000ec980000)
  to   space 33280K, 0% used [0x00000000e8c00000,0x00000000e8c00000,0x00000000eac80000)
 ParOldGen       total 118784K, used 69263K [0x0000000080000000, 0x0000000087400000, 0x00000000d5580000)
  object space 118784K, 58% used [0x0000000080000000,0x00000000843a3df0,0x0000000087400000)
 Metaspace       used 86698K, capacity 91384K, committed 91440K, reserved 1128448K
  class space    used 11678K, capacity 12554K, committed 12592K, reserved 1048576K
}

