# JRE version: OpenJDK Runtime Environment (8.0_242-b01) (build 1.8.0_242-release-1644-b01)
# Java VM: OpenJDK 64-Bit Server VM (25.242-b01 mixed mode windows-amd64 compressed oops)
Heap:
 PSYoungGen      total 551424K, used 449520K [0x00000000d5580000, 0x0000000100000000, 0x0000000100000000)
  eden space 498688K, 89% used [0x00000000d5580000,0x00000000f0703d08,0x00000000f3c80000)
  from space 52736K, 10% used [0x00000000f9780000,0x00000000f9cf8618,0x00000000fcb00000)
  to   space 93184K, 0% used [0x00000000f3c80000,0x00000000f3c80000,0x00000000f9780000)
 ParOldGen       total 206848K, used 206746K [0x0000000080000000, 0x000000008ca00000, 0x00000000d5580000)
  object space 206848K, 99% used [0x0000000080000000,0x000000008c9e69b8,0x000000008ca00000)
 Metaspace       used 84571K, capacity 88434K, committed 91312K, reserved 1128448K
  class space    used 11302K, capacity 12099K, committed 12720K, reserved 1048576K
GC Heap History (10 events):
Event: 133.120 GC heap before
{Heap before GC invocations=15 (full 3):
 PSYoungGen      total 354304K, used 354281K [0x00000000d5580000, 0x00000000f3a80000, 0x0000000100000000)
  eden space 328704K, 100% used [0x00000000d5580000,0x00000000e9680000,0x00000000e9680000)
  from space 25600K, 99% used [0x00000000e9680000,0x00000000eaf7a628,0x00000000eaf80000)
  to   space 36352K, 0% used [0x00000000f1700000,0x00000000f1700000,0x00000000f3a80000)
 ParOldGen       total 110592K, used 53705K [0x0000000080000000, 0x0000000086c00000, 0x00000000d5580000)
  object space 110592K, 48% used [0x0000000080000000,0x0000000083472550,0x0000000086c00000)
 Metaspace       used 73049K, capacity 76774K, committed 77104K, reserved 1116160K
  class space    used 9933K, capacity 10687K, committed 10800K, reserved 1048576K
Event: 133.474 GC heap after
Heap after GC invocations=15 (full 3):
 PSYoungGen      total 448000K, used 32015K [0x00000000d5580000, 0x00000000f3880000, 0x0000000100000000)
  eden space 413696K, 0% used [0x00000000d5580000,0x00000000d5580000,0x00000000ee980000)
  from space 34304K, 93% used [0x00000000f1700000,0x00000000f3643c70,0x00000000f3880000)
  to   space 40448K, 0% used [0x00000000ee980000,0x00000000ee980000,0x00000000f1100000)
 ParOldGen       total 110592K, used 77188K [0x0000000080000000, 0x0000000086c00000, 0x00000000d5580000)
  object space 110592K, 69% used [0x0000000080000000,0x0000000084b61300,0x0000000086c00000)
 Metaspace       used 73049K, capacity 76774K, committed 77104K, reserved 1116160K
  class space    used 9933K, capacity 10687K, committed 10800K, reserved 1048576K
}
Event: 148.252 GC heap before
{Heap before GC invocations=16 (full 3):
 PSYoungGen      total 448000K, used 445039K [0x00000000d5580000, 0x00000000f3880000, 0x0000000100000000)
  eden space 413696K, 99% used [0x00000000d5580000,0x00000000ee8d8248,0x00000000ee980000)
  from space 34304K, 93% used [0x00000000f1700000,0x00000000f3643c70,0x00000000f3880000)
  to   space 40448K, 0% used [0x00000000ee980000,0x00000000ee980000,0x00000000f1100000)
 ParOldGen       total 110592K, used 77188K [0x0000000080000000, 0x0000000086c00000, 0x00000000d5580000)
  object space 110592K, 69% used [0x0000000080000000,0x0000000084b61300,0x0000000086c00000)
 Metaspace       used 83801K, capacity 89392K, committed 89520K, reserved 1126400K
  class space    used 11430K, capacity 12446K, committed 12464K, reserved 1048576K
Event: 148.776 GC heap after
Heap after GC invocations=16 (full 3):
 PSYoungGen      total 454144K, used 40417K [0x00000000d5580000, 0x00000000fcb00000, 0x0000000100000000)
  eden space 413696K, 0% used [0x00000000d5580000,0x00000000d5580000,0x00000000ee980000)
  from space 40448K, 99% used [0x00000000ee980000,0x00000000f10f8740,0x00000000f1100000)
  to   space 52736K, 0% used [0x00000000f9780000,0x00000000f9780000,0x00000000fcb00000)
 ParOldGen       total 110592K, used 92729K [0x0000000080000000, 0x0000000086c00000, 0x00000000d5580000)
  object space 110592K, 83% used [0x0000000080000000,0x0000000085a8e448,0x0000000086c00000)
 Metaspace       used 83801K, capacity 89392K, committed 89520K, reserved 1126400K
  class space    used 11430K, capacity 12446K, committed 12464K, reserved 1048576K
}
Event: 148.785 GC heap before
{Heap before GC invocations=17 (full 4):
 PSYoungGen      total 454144K, used 40417K [0x00000000d5580000, 0x00000000fcb00000, 0x0000000100000000)
  eden space 413696K, 0% used [0x00000000d5580000,0x00000000d5580000,0x00000000ee980000)
  from space 40448K, 99% used [0x00000000ee980000,0x00000000f10f8740,0x00000000f1100000)
  to   space 52736K, 0% used [0x00000000f9780000,0x00000000f9780000,0x00000000fcb00000)
 ParOldGen       total 110592K, used 92729K [0x0000000080000000, 0x0000000086c00000, 0x00000000d5580000)
  object space 110592K, 83% used [0x0000000080000000,0x0000000085a8e448,0x0000000086c00000)
 Metaspace       used 83801K, capacity 89392K, committed 89520K, reserved 1126400K
  class space    used 11430K, capacity 12446K, committed 12464K, reserved 1048576K
Event: 151.067 GC heap after
Heap after GC invocations=17 (full 4):
 PSYoungGen      total 454144K, used 0K [0x00000000d5580000, 0x00000000fcb00000, 0x0000000100000000)
  eden space 413696K, 0% used [0x00000000d5580000,0x00000000d5580000,0x00000000ee980000)
  from space 40448K, 0% used [0x00000000ee980000,0x00000000ee980000,0x00000000f1100000)
  to   space 52736K, 0% used [0x00000000f9780000,0x00000000f9780000,0x00000000fcb00000)
 ParOldGen       total 206848K, used 97355K [0x0000000080000000, 0x000000008ca00000, 0x00000000d5580000)
  object space 206848K, 47% used [0x0000000080000000,0x0000000085f12dd8,0x000000008ca00000)
 Metaspace       used 82697K, capacity 86328K, committed 89520K, reserved 1126400K
  class space    used 11061K, capacity 11798K, committed 12464K, reserved 1048576K
}
Event: 154.697 GC heap before
{Heap before GC invocations=18 (full 4):
 PSYoungGen      total 454144K, used 413696K [0x00000000d5580000, 0x00000000fcb00000, 0x0000000100000000)
  eden space 413696K, 100% used [0x00000000d5580000,0x00000000ee980000,0x00000000ee980000)
  from space 40448K, 0% used [0x00000000ee980000,0x00000000ee980000,0x00000000f1100000)
  to   space 52736K, 0% used [0x00000000f9780000,0x00000000f9780000,0x00000000fcb00000)
 ParOldGen       total 206848K, used 97355K [0x0000000080000000, 0x000000008ca00000, 0x00000000d5580000)
  object space 206848K, 47% used [0x0000000080000000,0x0000000085f12dd8,0x000000008ca00000)
 Metaspace       used 83512K, capacity 87252K, committed 90416K, reserved 1126400K
  class space    used 11181K, capacity 11932K, committed 12592K, reserved 1048576K
Event: 155.138 GC heap after
Heap after GC invocations=18 (full 4):
 PSYoungGen      total 551424K, used 52713K [0x00000000d5580000, 0x0000000100000000, 0x0000000100000000)
  eden space 498688K, 0% used [0x00000000d5580000,0x00000000d5580000,0x00000000f3c80000)
  from space 52736K, 99% used [0x00000000f9780000,0x00000000fcafa418,0x00000000fcb00000)
  to   space 93184K, 0% used [0x00000000f3c80000,0x00000000f3c80000,0x00000000f9780000)
 ParOldGen       total 206848K, used 182299K [0x0000000080000000, 0x000000008ca00000, 0x00000000d5580000)
  object space 206848K, 88% used [0x0000000080000000,0x000000008b206c10,0x000000008ca00000)
 Metaspace       used 83512K, capacity 87252K, committed 90416K, reserved 1126400K
  class space    used 11181K, capacity 11932K, committed 12592K, reserved 1048576K
}
Event: 155.139 GC heap before
{Heap before GC invocations=19 (full 5):
 PSYoungGen      total 551424K, used 52713K [0x00000000d5580000, 0x0000000100000000, 0x0000000100000000)
  eden space 498688K, 0% used [0x00000000d5580000,0x00000000d5580000,0x00000000f3c80000)
  from space 52736K, 99% used [0x00000000f9780000,0x00000000fcafa418,0x00000000fcb00000)
  to   space 93184K, 0% used [0x00000000f3c80000,0x00000000f3c80000,0x00000000f9780000)
 ParOldGen       total 206848K, used 182299K [0x0000000080000000, 0x000000008ca00000, 0x00000000d5580000)
  object space 206848K, 88% used [0x0000000080000000,0x000000008b206c10,0x000000008ca00000)
 Metaspace       used 83512K, capacity 87252K, committed 90416K, reserved 1126400K
  class space    used 11181K, capacity 11932K, committed 12592K, reserved 1048576K
Event: 157.165 GC heap after
Heap after GC invocations=19 (full 5):
 PSYoungGen      total 551424K, used 5601K [0x00000000d5580000, 0x0000000100000000, 0x0000000100000000)
  eden space 498688K, 0% used [0x00000000d5580000,0x00000000d5580000,0x00000000f3c80000)
  from space 52736K, 10% used [0x00000000f9780000,0x00000000f9cf8618,0x00000000fcb00000)
  to   space 93184K, 0% used [0x00000000f3c80000,0x00000000f3c80000,0x00000000f9780000)
 ParOldGen       total 206848K, used 206746K [0x0000000080000000, 0x000000008ca00000, 0x00000000d5580000)
  object space 206848K, 99% used [0x0000000080000000,0x000000008c9e69b8,0x000000008ca00000)
 Metaspace       used 83478K, capacity 87166K, committed 90416K, reserved 1126400K
  class space    used 11169K, capacity 11909K, committed 12592K, reserved 1048576K
}

