# JRE version: OpenJDK Runtime Environment (8.0_242-b01) (build 1.8.0_242-release-1644-b01)
# Java VM: OpenJDK 64-Bit Server VM (25.242-b01 mixed mode windows-amd64 compressed oops)
Heap:
 PSYoungGen      total 376832K, used 179038K [0x00000000d5580000, 0x00000000f3480000, 0x0000000100000000)
  eden space 360960K, 45% used [0x00000000d5580000,0x00000000df5121b0,0x00000000eb600000)
  from space 15872K, 99% used [0x00000000eef00000,0x00000000efe779c0,0x00000000efe80000)
  to   space 45568K, 0% used [0x00000000f0800000,0x00000000f0800000,0x00000000f3480000)
 ParOldGen       total 115200K, used 82764K [0x0000000080000000, 0x0000000087080000, 0x00000000d5580000)
  object space 115200K, 71% used [0x0000000080000000,0x00000000850d30a8,0x0000000087080000)
 Metaspace       used 91828K, capacity 98266K, committed 98480K, reserved 1134592K
  class space    used 12106K, capacity 13213K, committed 13232K, reserved 1048576K
GC Heap History (10 events):
Event: 1151.421 GC heap before
{Heap before GC invocations=18 (full 3):
 PSYoungGen      total 462848K, used 462838K [0x00000000d5580000, 0x00000000f4600000, 0x0000000100000000)
  eden space 428544K, 100% used [0x00000000d5580000,0x00000000ef800000,0x00000000ef800000)
  from space 34304K, 99% used [0x00000000f2280000,0x00000000f43fd930,0x00000000f4400000)
  to   space 39936K, 0% used [0x00000000ef800000,0x00000000ef800000,0x00000000f1f00000)
 ParOldGen       total 115200K, used 67494K [0x0000000080000000, 0x0000000087080000, 0x00000000d5580000)
  object space 115200K, 58% used [0x0000000080000000,0x00000000841e9810,0x0000000087080000)
 Metaspace       used 89325K, capacity 94702K, committed 94896K, reserved 1130496K
  class space    used 11940K, capacity 12915K, committed 12976K, reserved 1048576K
Event: 1152.025 GC heap after
Heap after GC invocations=18 (full 3):
 PSYoungGen      total 468480K, used 32885K [0x00000000d5580000, 0x00000000f7500000, 0x0000000100000000)
  eden space 428544K, 0% used [0x00000000d5580000,0x00000000d5580000,0x00000000ef800000)
  from space 39936K, 82% used [0x00000000ef800000,0x00000000f181d6a8,0x00000000f1f00000)
  to   space 43520K, 0% used [0x00000000f4a80000,0x00000000f4a80000,0x00000000f7500000)
 ParOldGen       total 115200K, used 72160K [0x0000000080000000, 0x0000000087080000, 0x00000000d5580000)
  object space 115200K, 62% used [0x0000000080000000,0x0000000084678340,0x0000000087080000)
 Metaspace       used 89325K, capacity 94702K, committed 94896K, reserved 1130496K
  class space    used 11940K, capacity 12915K, committed 12976K, reserved 1048576K
}
Event: 1855.287 GC heap before
{Heap before GC invocations=19 (full 3):
 PSYoungGen      total 468480K, used 461429K [0x00000000d5580000, 0x00000000f7500000, 0x0000000100000000)
  eden space 428544K, 100% used [0x00000000d5580000,0x00000000ef800000,0x00000000ef800000)
  from space 39936K, 82% used [0x00000000ef800000,0x00000000f181d6a8,0x00000000f1f00000)
  to   space 43520K, 0% used [0x00000000f4a80000,0x00000000f4a80000,0x00000000f7500000)
 ParOldGen       total 115200K, used 72160K [0x0000000080000000, 0x0000000087080000, 0x00000000d5580000)
  object space 115200K, 62% used [0x0000000080000000,0x0000000084678340,0x0000000087080000)
 Metaspace       used 90446K, capacity 96576K, committed 96688K, reserved 1132544K
  class space    used 12058K, capacity 13128K, committed 13232K, reserved 1048576K
Event: 1855.883 GC heap after
Heap after GC invocations=19 (full 3):
 PSYoungGen      total 431616K, used 20785K [0x00000000d5580000, 0x00000000f5f00000, 0x0000000100000000)
  eden space 410624K, 0% used [0x00000000d5580000,0x00000000d5580000,0x00000000ee680000)
  from space 20992K, 99% used [0x00000000f4a80000,0x00000000f5ecc5a8,0x00000000f5f00000)
  to   space 41984K, 0% used [0x00000000f0d00000,0x00000000f0d00000,0x00000000f3600000)
 ParOldGen       total 115200K, used 72168K [0x0000000080000000, 0x0000000087080000, 0x00000000d5580000)
  object space 115200K, 62% used [0x0000000080000000,0x000000008467a340,0x0000000087080000)
 Metaspace       used 90446K, capacity 96576K, committed 96688K, reserved 1132544K
  class space    used 12058K, capacity 13128K, committed 13232K, reserved 1048576K
}
Event: 1946.454 GC heap before
{Heap before GC invocations=20 (full 3):
 PSYoungGen      total 431616K, used 431409K [0x00000000d5580000, 0x00000000f5f00000, 0x0000000100000000)
  eden space 410624K, 100% used [0x00000000d5580000,0x00000000ee680000,0x00000000ee680000)
  from space 20992K, 99% used [0x00000000f4a80000,0x00000000f5ecc5a8,0x00000000f5f00000)
  to   space 41984K, 0% used [0x00000000f0d00000,0x00000000f0d00000,0x00000000f3600000)
 ParOldGen       total 115200K, used 72168K [0x0000000080000000, 0x0000000087080000, 0x00000000d5580000)
  object space 115200K, 62% used [0x0000000080000000,0x000000008467a340,0x0000000087080000)
 Metaspace       used 90723K, capacity 96942K, committed 97200K, reserved 1132544K
  class space    used 12062K, capacity 13135K, committed 13232K, reserved 1048576K
Event: 1947.079 GC heap after
Heap after GC invocations=20 (full 3):
 PSYoungGen      total 433152K, used 39644K [0x00000000d5580000, 0x00000000f4b00000, 0x0000000100000000)
  eden space 393216K, 0% used [0x00000000d5580000,0x00000000d5580000,0x00000000ed580000)
  from space 39936K, 99% used [0x00000000f0d00000,0x00000000f33b7028,0x00000000f3400000)
  to   space 23552K, 0% used [0x00000000f3400000,0x00000000f3400000,0x00000000f4b00000)
 ParOldGen       total 115200K, used 72176K [0x0000000080000000, 0x0000000087080000, 0x00000000d5580000)
  object space 115200K, 62% used [0x0000000080000000,0x000000008467c340,0x0000000087080000)
 Metaspace       used 90723K, capacity 96942K, committed 97200K, reserved 1132544K
  class space    used 12062K, capacity 13135K, committed 13232K, reserved 1048576K
}
Event: 2280.927 GC heap before
{Heap before GC invocations=21 (full 3):
 PSYoungGen      total 433152K, used 432860K [0x00000000d5580000, 0x00000000f4b00000, 0x0000000100000000)
  eden space 393216K, 100% used [0x00000000d5580000,0x00000000ed580000,0x00000000ed580000)
  from space 39936K, 99% used [0x00000000f0d00000,0x00000000f33b7028,0x00000000f3400000)
  to   space 23552K, 0% used [0x00000000f3400000,0x00000000f3400000,0x00000000f4b00000)
 ParOldGen       total 115200K, used 72176K [0x0000000080000000, 0x0000000087080000, 0x00000000d5580000)
  object space 115200K, 62% used [0x0000000080000000,0x000000008467c340,0x0000000087080000)
 Metaspace       used 91368K, capacity 97858K, committed 97968K, reserved 1134592K
  class space    used 12103K, capacity 13209K, committed 13232K, reserved 1048576K
Event: 2281.733 GC heap after
Heap after GC invocations=21 (full 3):
 PSYoungGen      total 400384K, used 23528K [0x00000000d5580000, 0x00000000f4b00000, 0x0000000100000000)
  eden space 376832K, 0% used [0x00000000d5580000,0x00000000d5580000,0x00000000ec580000)
  from space 23552K, 99% used [0x00000000f3400000,0x00000000f4afa2b0,0x00000000f4b00000)
  to   space 47104K, 0% used [0x00000000eef00000,0x00000000eef00000,0x00000000f1d00000)
 ParOldGen       total 115200K, used 76307K [0x0000000080000000, 0x0000000087080000, 0x00000000d5580000)
  object space 115200K, 66% used [0x0000000080000000,0x0000000084a84f78,0x0000000087080000)
 Metaspace       used 91368K, capacity 97858K, committed 97968K, reserved 1134592K
  class space    used 12103K, capacity 13209K, committed 13232K, reserved 1048576K
}
Event: 11247.152 GC heap before
{Heap before GC invocations=22 (full 3):
 PSYoungGen      total 400384K, used 400360K [0x00000000d5580000, 0x00000000f4b00000, 0x0000000100000000)
  eden space 376832K, 100% used [0x00000000d5580000,0x00000000ec580000,0x00000000ec580000)
  from space 23552K, 99% used [0x00000000f3400000,0x00000000f4afa2b0,0x00000000f4b00000)
  to   space 47104K, 0% used [0x00000000eef00000,0x00000000eef00000,0x00000000f1d00000)
 ParOldGen       total 115200K, used 76307K [0x0000000080000000, 0x0000000087080000, 0x00000000d5580000)
  object space 115200K, 66% used [0x0000000080000000,0x0000000084a84f78,0x0000000087080000)
 Metaspace       used 91688K, capacity 98138K, committed 98224K, reserved 1134592K
  class space    used 12105K, capacity 13213K, committed 13232K, reserved 1048576K
Event: 11247.677 GC heap after
Heap after GC invocations=22 (full 3):
 PSYoungGen      total 376832K, used 15838K [0x00000000d5580000, 0x00000000f3480000, 0x0000000100000000)
  eden space 360960K, 0% used [0x00000000d5580000,0x00000000d5580000,0x00000000eb600000)
  from space 15872K, 99% used [0x00000000eef00000,0x00000000efe779c0,0x00000000efe80000)
  to   space 45568K, 0% used [0x00000000f0800000,0x00000000f0800000,0x00000000f3480000)
 ParOldGen       total 115200K, used 82764K [0x0000000080000000, 0x0000000087080000, 0x00000000d5580000)
  object space 115200K, 71% used [0x0000000080000000,0x00000000850d30a8,0x0000000087080000)
 Metaspace       used 91688K, capacity 98138K, committed 98224K, reserved 1134592K
  class space    used 12105K, capacity 13213K, committed 13232K, reserved 1048576K
}

