# JRE version: OpenJDK Runtime Environment (8.0_242-b01) (build 1.8.0_242-release-1644-b01)
# Java VM: OpenJDK 64-Bit Server VM (25.242-b01 mixed mode windows-amd64 compressed oops)
Heap:
 PSYoungGen      total 471040K, used 47626K [0x00000000d5580000, 0x00000000f6180000, 0x0000000100000000)
  eden space 431104K, 11% used [0x00000000d5580000,0x00000000d8402a20,0x00000000efa80000)
  from space 39936K, 0% used [0x00000000efa80000,0x00000000efa80000,0x00000000f2180000)
  to   space 40960K, 0% used [0x00000000f3980000,0x00000000f3980000,0x00000000f6180000)
 ParOldGen       total 262144K, used 233181K [0x0000000080000000, 0x0000000090000000, 0x00000000d5580000)
  object space 262144K, 88% used [0x0000000080000000,0x000000008e3b76e0,0x0000000090000000)
 Metaspace       used 96810K, capacity 102086K, committed 102704K, reserved 1138688K
  class space    used 12486K, capacity 13459K, committed 13616K, reserved 1048576K
GC Heap History (10 events):
Event: 10354.414 GC heap before
{Heap before GC invocations=26 (full 4):
 PSYoungGen      total 447488K, used 423169K [0x00000000d5580000, 0x00000000f4e00000, 0x0000000100000000)
  eden space 406016K, 100% used [0x00000000d5580000,0x00000000ee200000,0x00000000ee200000)
  from space 41472K, 41% used [0x00000000ee200000,0x00000000ef2c0598,0x00000000f0a80000)
  to   space 39424K, 0% used [0x00000000f2780000,0x00000000f2780000,0x00000000f4e00000)
 ParOldGen       total 205312K, used 82420K [0x0000000080000000, 0x000000008c880000, 0x00000000d5580000)
  object space 205312K, 40% used [0x0000000080000000,0x000000008507d028,0x000000008c880000)
 Metaspace       used 94222K, capacity 98988K, committed 100272K, reserved 1136640K
  class space    used 12291K, capacity 13196K, committed 13488K, reserved 1048576K
Event: 10354.785 GC heap after
Heap after GC invocations=26 (full 4):
 PSYoungGen      total 464896K, used 25840K [0x00000000d5580000, 0x00000000f4880000, 0x0000000100000000)
  eden space 431104K, 0% used [0x00000000d5580000,0x00000000d5580000,0x00000000efa80000)
  from space 33792K, 76% used [0x00000000f2780000,0x00000000f40bc348,0x00000000f4880000)
  to   space 39936K, 0% used [0x00000000efa80000,0x00000000efa80000,0x00000000f2180000)
 ParOldGen       total 205312K, used 82428K [0x0000000080000000, 0x000000008c880000, 0x00000000d5580000)
  object space 205312K, 40% used [0x0000000080000000,0x000000008507f028,0x000000008c880000)
 Metaspace       used 94222K, capacity 98988K, committed 100272K, reserved 1136640K
  class space    used 12291K, capacity 13196K, committed 13488K, reserved 1048576K
}
Event: 10858.892 GC heap before
{Heap before GC invocations=27 (full 4):
 PSYoungGen      total 464896K, used 456944K [0x00000000d5580000, 0x00000000f4880000, 0x0000000100000000)
  eden space 431104K, 100% used [0x00000000d5580000,0x00000000efa80000,0x00000000efa80000)
  from space 33792K, 76% used [0x00000000f2780000,0x00000000f40bc348,0x00000000f4880000)
  to   space 39936K, 0% used [0x00000000efa80000,0x00000000efa80000,0x00000000f2180000)
 ParOldGen       total 205312K, used 82428K [0x0000000080000000, 0x000000008c880000, 0x00000000d5580000)
  object space 205312K, 40% used [0x0000000080000000,0x000000008507f028,0x000000008c880000)
 Metaspace       used 95172K, capacity 100282K, committed 100912K, reserved 1136640K
  class space    used 12370K, capacity 13361K, committed 13616K, reserved 1048576K
Event: 10860.064 GC heap after
Heap after GC invocations=27 (full 4):
 PSYoungGen      total 471040K, used 26918K [0x00000000d5580000, 0x00000000f6180000, 0x0000000100000000)
  eden space 431104K, 0% used [0x00000000d5580000,0x00000000d5580000,0x00000000efa80000)
  from space 39936K, 67% used [0x00000000efa80000,0x00000000f14c99f8,0x00000000f2180000)
  to   space 40960K, 0% used [0x00000000f3980000,0x00000000f3980000,0x00000000f6180000)
 ParOldGen       total 205312K, used 82436K [0x0000000080000000, 0x000000008c880000, 0x00000000d5580000)
  object space 205312K, 40% used [0x0000000080000000,0x0000000085081028,0x000000008c880000)
 Metaspace       used 95172K, capacity 100282K, committed 100912K, reserved 1136640K
  class space    used 12370K, capacity 13361K, committed 13616K, reserved 1048576K
}
Event: 10885.648 GC heap before
{Heap before GC invocations=28 (full 4):
 PSYoungGen      total 471040K, used 458022K [0x00000000d5580000, 0x00000000f6180000, 0x0000000100000000)
  eden space 431104K, 100% used [0x00000000d5580000,0x00000000efa80000,0x00000000efa80000)
  from space 39936K, 67% used [0x00000000efa80000,0x00000000f14c99f8,0x00000000f2180000)
  to   space 40960K, 0% used [0x00000000f3980000,0x00000000f3980000,0x00000000f6180000)
 ParOldGen       total 205312K, used 82436K [0x0000000080000000, 0x000000008c880000, 0x00000000d5580000)
  object space 205312K, 40% used [0x0000000080000000,0x0000000085081028,0x000000008c880000)
 Metaspace       used 96674K, capacity 102108K, committed 102448K, reserved 1138688K
  class space    used 12519K, capacity 13536K, committed 13616K, reserved 1048576K
Event: 10885.987 GC heap after
Heap after GC invocations=28 (full 4):
 PSYoungGen      total 472064K, used 40955K [0x00000000d5580000, 0x00000000f6180000, 0x0000000100000000)
  eden space 431104K, 0% used [0x00000000d5580000,0x00000000d5580000,0x00000000efa80000)
  from space 40960K, 99% used [0x00000000f3980000,0x00000000f617ee98,0x00000000f6180000)
  to   space 39936K, 0% used [0x00000000efa80000,0x00000000efa80000,0x00000000f2180000)
 ParOldGen       total 205312K, used 159219K [0x0000000080000000, 0x000000008c880000, 0x00000000d5580000)
  object space 205312K, 77% used [0x0000000080000000,0x0000000089b7ccd8,0x000000008c880000)
 Metaspace       used 96674K, capacity 102108K, committed 102448K, reserved 1138688K
  class space    used 12519K, capacity 13536K, committed 13616K, reserved 1048576K
}
Event: 10890.459 GC heap before
{Heap before GC invocations=29 (full 4):
 PSYoungGen      total 472064K, used 471095K [0x00000000d5580000, 0x00000000f6180000, 0x0000000100000000)
  eden space 431104K, 99% used [0x00000000d5580000,0x00000000ef98eea0,0x00000000efa80000)
  from space 40960K, 99% used [0x00000000f3980000,0x00000000f617ee98,0x00000000f6180000)
  to   space 39936K, 0% used [0x00000000efa80000,0x00000000efa80000,0x00000000f2180000)
 ParOldGen       total 205312K, used 159219K [0x0000000080000000, 0x000000008c880000, 0x00000000d5580000)
  object space 205312K, 77% used [0x0000000080000000,0x0000000089b7ccd8,0x000000008c880000)
 Metaspace       used 97029K, capacity 102504K, committed 102704K, reserved 1138688K
  class space    used 12532K, capacity 13546K, committed 13616K, reserved 1048576K
Event: 10891.078 GC heap after
Heap after GC invocations=29 (full 4):
 PSYoungGen      total 471040K, used 39923K [0x00000000d5580000, 0x00000000f6180000, 0x0000000100000000)
  eden space 431104K, 0% used [0x00000000d5580000,0x00000000d5580000,0x00000000efa80000)
  from space 39936K, 99% used [0x00000000efa80000,0x00000000f217cdc8,0x00000000f2180000)
  to   space 40960K, 0% used [0x00000000f3980000,0x00000000f3980000,0x00000000f6180000)
 ParOldGen       total 262144K, used 262124K [0x0000000080000000, 0x0000000090000000, 0x00000000d5580000)
  object space 262144K, 99% used [0x0000000080000000,0x000000008fffb178,0x0000000090000000)
 Metaspace       used 97029K, capacity 102504K, committed 102704K, reserved 1138688K
  class space    used 12532K, capacity 13546K, committed 13616K, reserved 1048576K
}
Event: 10891.079 GC heap before
{Heap before GC invocations=30 (full 5):
 PSYoungGen      total 471040K, used 39923K [0x00000000d5580000, 0x00000000f6180000, 0x0000000100000000)
  eden space 431104K, 0% used [0x00000000d5580000,0x00000000d5580000,0x00000000efa80000)
  from space 39936K, 99% used [0x00000000efa80000,0x00000000f217cdc8,0x00000000f2180000)
  to   space 40960K, 0% used [0x00000000f3980000,0x00000000f3980000,0x00000000f6180000)
 ParOldGen       total 262144K, used 262124K [0x0000000080000000, 0x0000000090000000, 0x00000000d5580000)
  object space 262144K, 99% used [0x0000000080000000,0x000000008fffb178,0x0000000090000000)
 Metaspace       used 97029K, capacity 102504K, committed 102704K, reserved 1138688K
  class space    used 12532K, capacity 13546K, committed 13616K, reserved 1048576K
Event: 10895.890 GC heap after
Heap after GC invocations=30 (full 5):
 PSYoungGen      total 471040K, used 0K [0x00000000d5580000, 0x00000000f6180000, 0x0000000100000000)
  eden space 431104K, 0% used [0x00000000d5580000,0x00000000d5580000,0x00000000efa80000)
  from space 39936K, 0% used [0x00000000efa80000,0x00000000efa80000,0x00000000f2180000)
  to   space 40960K, 0% used [0x00000000f3980000,0x00000000f3980000,0x00000000f6180000)
 ParOldGen       total 262144K, used 233181K [0x0000000080000000, 0x0000000090000000, 0x00000000d5580000)
  object space 262144K, 88% used [0x0000000080000000,0x000000008e3b76e0,0x0000000090000000)
 Metaspace       used 96786K, capacity 102086K, committed 102704K, reserved 1138688K
  class space    used 12486K, capacity 13459K, committed 13616K, reserved 1048576K
}

